{"level":"info","message":"Starting user registration process","timestamp":"2026-02-28 20:45:39","user":{"email":"khaerul@gmail.com","name":"lutfi"}}
{"level":"error","message":"Unexpected error while execute register action: TypeError: fetch failed","timestamp":"2026-02-28 20:45:41"}
{"level":"info","message":"Starting user registration process","timestamp":"2026-02-28 20:45:45","user":{"email":"khaerul@gmail.com","name":"lutfi"}}
{"level":"error","message":"Unexpected error while execute register action: TypeError: fetch failed","timestamp":"2026-02-28 20:45:45"}
{"level":"info","message":"Starting user registration process","timestamp":"2026-02-28 20:45:46","user":{"email":"khaerul@gmail.com","name":"lutfi"}}
{"level":"error","message":"Unexpected error while execute register action: TypeError: fetch failed","timestamp":"2026-02-28 20:45:46"}
{"level":"info","message":"Starting user registration process","timestamp":"2026-02-28 20:45:46","user":{"email":"khaerul@gmail.com","name":"lutfi"}}
{"level":"error","message":"Unexpected error while execute register action: TypeError: fetch failed","timestamp":"2026-02-28 20:45:46"}
{"level":"info","message":"Starting user registration process","timestamp":"2026-02-28 20:45:46","user":{"email":"khaerul@gmail.com","name":"lutfi"}}
{"level":"error","message":"Unexpected error while execute register action: TypeError: fetch failed","timestamp":"2026-02-28 20:45:46"}
{"level":"info","message":"Starting user registration process","timestamp":"2026-02-28 20:45:46","user":{"email":"khaerul@gmail.com","name":"lutfi"}}
{"level":"error","message":"Unexpected error while execute register action: TypeError: fetch failed","timestamp":"2026-02-28 20:45:46"}
{"level":"info","message":"Starting user registration process","timestamp":"2026-02-28 20:45:46","user":{"email":"khaerul@gmail.com","name":"lutfi"}}
{"level":"error","message":"Unexpected error while execute register action: TypeError: fetch failed","timestamp":"2026-02-28 20:45:46"}
{"level":"info","message":"Starting user registration process","timestamp":"2026-02-28 20:45:46","user":{"email":"khaerul@gmail.com","name":"lutfi"}}
{"level":"error","message":"Unexpected error while execute register action: TypeError: fetch failed","timestamp":"2026-02-28 20:45:46"}
{"level":"info","message":"Starting user registration process","timestamp":"2026-02-28 20:45:46","user":{"email":"khaerul@gmail.com","name":"lutfi"}}
{"level":"error","message":"Unexpected error while execute register action: TypeError: fetch failed","timestamp":"2026-02-28 20:45:46"}
{"level":"info","message":"Starting user registration process","timestamp":"2026-02-28 20:45:46","user":{"email":"khaerul@gmail.com","name":"lutfi"}}
{"level":"error","message":"Unexpected error while execute register action: TypeError: fetch failed","timestamp":"2026-02-28 20:45:46"}
{"level":"info","message":"Starting user registration process","timestamp":"2026-02-28 20:45:47","user":{"email":"khaerul@gmail.com","name":"lutfi"}}
{"level":"error","message":"Unexpected error while execute register action: TypeError: fetch failed","timestamp":"2026-02-28 20:45:47"}
{"level":"info","message":"Starting user registration process","timestamp":"2026-02-28 20:45:47","user":{"email":"khaerul@gmail.com","name":"lutfi"}}
{"level":"error","message":"Unexpected error while execute register action: TypeError: fetch failed","timestamp":"2026-02-28 20:45:47"}
{"level":"info","message":"Starting user registration process","timestamp":"2026-02-28 20:45:47","user":{"email":"khaerul@gmail.com","name":"lutfi"}}
{"level":"error","message":"Unexpected error while execute register action: TypeError: fetch failed","timestamp":"2026-02-28 20:45:47"}
{"level":"info","message":"Starting user registration process","timestamp":"2026-02-28 20:45:47","user":{"email":"khaerul@gmail.com","name":"lutfi"}}
{"level":"error","message":"Unexpected error while execute register action: TypeError: fetch failed","timestamp":"2026-02-28 20:45:47"}
{"level":"info","message":"Starting user registration process","timestamp":"2026-02-28 20:45:47","user":{"email":"khaerul@gmail.com","name":"lutfi"}}
{"level":"error","message":"Unexpected error while execute register action: TypeError: fetch failed","timestamp":"2026-02-28 20:45:47"}
{"level":"info","message":"Starting user registration process","timestamp":"2026-02-28 20:45:47","user":{"email":"khaerul@gmail.com","name":"lutfi"}}
{"level":"error","message":"Unexpected error while execute register action: TypeError: fetch failed","timestamp":"2026-02-28 20:45:47"}
{"level":"info","message":"Starting user registration process","timestamp":"2026-02-28 20:45:48","user":{"email":"khaerul@gmail.com","name":"lutfi"}}
{"level":"error","message":"Unexpected error while execute register action: TypeError: fetch failed","timestamp":"2026-02-28 20:45:48"}
{"level":"info","message":"Starting user registration process","timestamp":"2026-02-28 20:45:48","user":{"email":"khaerul@gmail.com","name":"lutfi"}}
{"level":"error","message":"Unexpected error while execute register action: TypeError: fetch failed","timestamp":"2026-02-28 20:45:48"}
{"level":"info","message":"Starting user registration process","timestamp":"2026-02-28 20:45:48","user":{"email":"khaerul@gmail.com","name":"lutfi"}}
{"level":"error","message":"Unexpected error while execute register action: TypeError: fetch failed","timestamp":"2026-02-28 20:45:48"}
{"level":"info","message":"Starting user registration process","timestamp":"2026-02-28 20:45:48","user":{"email":"khaerul@gmail.com","name":"lutfi"}}
{"level":"error","message":"Unexpected error while execute register action: TypeError: fetch failed","timestamp":"2026-02-28 20:45:48"}
{"level":"info","message":"Starting user registration process","timestamp":"2026-02-28 20:45:48","user":{"email":"khaerul@gmail.com","name":"lutfi"}}
{"level":"error","message":"Unexpected error while execute register action: TypeError: fetch failed","timestamp":"2026-02-28 20:45:48"}
{"level":"info","message":"Starting user registration process","timestamp":"2026-02-28 20:45:48","user":{"email":"khaerul@gmail.com","name":"lutfi"}}
{"level":"error","message":"Unexpected error while execute register action: TypeError: fetch failed","timestamp":"2026-02-28 20:45:48"}
{"level":"info","message":"Starting user registration process","timestamp":"2026-02-28 20:45:48","user":{"email":"khaerul@gmail.com","name":"lutfi"}}
{"level":"error","message":"Unexpected error while execute register action: TypeError: fetch failed","timestamp":"2026-02-28 20:45:48"}
{"level":"info","message":"Starting user registration process","timestamp":"2026-02-28 20:45:49","user":{"email":"khaerul@gmail.com","name":"lutfi"}}
{"level":"error","message":"Unexpected error while execute register action: TypeError: fetch failed","timestamp":"2026-02-28 20:45:49"}
{"level":"info","message":"Starting user registration process","timestamp":"2026-02-28 20:45:49","user":{"email":"khaerul@gmail.com","name":"lutfi"}}
{"level":"error","message":"Unexpected error while execute register action: TypeError: fetch failed","timestamp":"2026-02-28 20:45:49"}
{"level":"info","message":"Starting user registration process","timestamp":"2026-02-28 20:45:49","user":{"email":"khaerul@gmail.com","name":"lutfi"}}
{"level":"error","message":"Unexpected error while execute register action: TypeError: fetch failed","timestamp":"2026-02-28 20:45:50"}
{"level":"info","message":"Starting user registration process","timestamp":"2026-02-28 20:45:50","user":{"email":"khaerul@gmail.com","name":"lutfi"}}
{"level":"error","message":"Unexpected error while execute register action: TypeError: fetch failed","timestamp":"2026-02-28 20:45:50"}
{"level":"info","message":"Starting user registration process","timestamp":"2026-02-28 20:45:50","user":{"email":"khaerul@gmail.com","name":"lutfi"}}
{"level":"error","message":"Unexpected error while execute register action: TypeError: fetch failed","timestamp":"2026-02-28 20:45:50"}
{"level":"info","message":"Starting user registration process","timestamp":"2026-02-28 20:45:50","user":{"email":"khaerul@gmail.com","name":"lutfi"}}
{"level":"error","message":"Unexpected error while execute register action: TypeError: fetch failed","timestamp":"2026-02-28 20:45:50"}
{"level":"info","message":"Starting user registration process","timestamp":"2026-02-28 20:45:50","user":{"email":"khaerul@gmail.com","name":"lutfi"}}
{"level":"error","message":"Unexpected error while execute register action: TypeError: fetch failed","timestamp":"2026-02-28 20:45:50"}
{"level":"info","message":"Starting user registration process","timestamp":"2026-02-28 20:45:50","user":{"email":"khaerul@gmail.com","name":"lutfi"}}
{"level":"error","message":"Unexpected error while execute register action: TypeError: fetch failed","timestamp":"2026-02-28 20:45:50"}
{"level":"info","message":"Starting user registration process","timestamp":"2026-02-28 20:45:50","user":{"email":"khaerul@gmail.com","name":"lutfi"}}
{"level":"error","message":"Unexpected error while execute register action: TypeError: fetch failed","timestamp":"2026-02-28 20:45:50"}
{"level":"info","message":"Starting user registration process","timestamp":"2026-02-28 20:45:51","user":{"email":"khaerul@gmail.com","name":"lutfi"}}
{"level":"error","message":"Unexpected error while execute register action: TypeError: fetch failed","timestamp":"2026-02-28 20:45:51"}
{"level":"info","message":"Starting user registration process","timestamp":"2026-02-28 20:45:51","user":{"email":"khaerul@gmail.com","name":"lutfi"}}
{"level":"error","message":"Unexpected error while execute register action: TypeError: fetch failed","timestamp":"2026-02-28 20:45:51"}
{"level":"info","message":"Starting user registration process","timestamp":"2026-02-28 20:45:51","user":{"email":"khaerul@gmail.com","name":"lutfi"}}
{"level":"error","message":"Unexpected error while execute register action: TypeError: fetch failed","timestamp":"2026-02-28 20:45:51"}
{"level":"info","message":"Starting user registration process","timestamp":"2026-02-28 20:45:52","user":{"email":"khaerul@gmail.com","name":"lutfi"}}
{"level":"error","message":"Unexpected error while execute register action: TypeError: fetch failed","timestamp":"2026-02-28 20:45:52"}
{"level":"info","message":"Starting user registration process","timestamp":"2026-02-28 20:45:52","user":{"email":"khaerul@gmail.com","name":"lutfi"}}
{"level":"error","message":"Unexpected error while execute register action: TypeError: fetch failed","timestamp":"2026-02-28 20:45:52"}
{"level":"info","message":"Starting user registration process","timestamp":"2026-02-28 20:45:52","user":{"email":"khaerul@gmail.com","name":"lutfi"}}
{"level":"error","message":"Unexpected error while execute register action: TypeError: fetch failed","timestamp":"2026-02-28 20:45:52"}
{"level":"info","message":"Starting user registration process","timestamp":"2026-02-28 20:45:52","user":{"email":"khaerul@gmail.com","name":"lutfi"}}
{"level":"error","message":"Unexpected error while execute register action: TypeError: fetch failed","timestamp":"2026-02-28 20:45:52"}
{"level":"info","message":"Starting user registration process","timestamp":"2026-02-28 20:45:52","user":{"email":"khaerul@gmail.com","name":"lutfi"}}
{"level":"error","message":"Unexpected error while execute register action: TypeError: fetch failed","timestamp":"2026-02-28 20:45:52"}
{"level":"info","message":"Starting user registration process","timestamp":"2026-02-28 20:45:52","user":{"email":"khaerul@gmail.com","name":"lutfi"}}
{"level":"error","message":"Unexpected error while execute register action: TypeError: fetch failed","timestamp":"2026-02-28 20:45:52"}
{"level":"info","message":"Starting user registration process","timestamp":"2026-02-28 20:45:52","user":{"email":"khaerul@gmail.com","name":"lutfi"}}
{"level":"error","message":"Unexpected error while execute register action: TypeError: fetch failed","timestamp":"2026-02-28 20:45:52"}
{"level":"info","message":"Starting user registration process","timestamp":"2026-02-28 20:45:52","user":{"email":"khaerul@gmail.com","name":"lutfi"}}
{"level":"error","message":"Unexpected error while execute register action: TypeError: fetch failed","timestamp":"2026-02-28 20:45:52"}
{"level":"info","message":"Starting user registration process","timestamp":"2026-02-28 20:45:53","user":{"email":"khaerul@gmail.com","name":"lutfi"}}
{"level":"error","message":"Unexpected error while execute register action: TypeError: fetch failed","timestamp":"2026-02-28 20:45:53"}
{"level":"info","message":"Starting user registration process","timestamp":"2026-02-28 20:45:53","user":{"email":"khaerul@gmail.com","name":"lutfi"}}
{"level":"error","message":"Unexpected error while execute register action: TypeError: fetch failed","timestamp":"2026-02-28 20:45:53"}
{"level":"info","message":"Starting user registration process","timestamp":"2026-02-28 20:45:53","user":{"email":"khaerul@gmail.com","name":"lutfi"}}
{"level":"error","message":"Unexpected error while execute register action: TypeError: fetch failed","timestamp":"2026-02-28 20:45:53"}
{"level":"info","message":"Starting user registration process","timestamp":"2026-02-28 20:45:54","user":{"email":"khaerul@gmail.com","name":"lutfi"}}
{"level":"error","message":"Unexpected error while execute register action: TypeError: fetch failed","timestamp":"2026-02-28 20:45:54"}
{"level":"info","message":"Starting user registration process","timestamp":"2026-02-28 20:45:55","user":{"email":"khaerul@gmail.com","name":"lutfi"}}
{"level":"error","message":"Unexpected error while execute register action: TypeError: fetch failed","timestamp":"2026-02-28 20:45:55"}
{"level":"info","message":"Starting user registration process","timestamp":"2026-02-28 20:45:55","user":{"email":"khaerul@gmail.com","name":"lutfi"}}
{"level":"error","message":"Unexpected error while execute register action: TypeError: fetch failed","timestamp":"2026-02-28 20:45:55"}
{"level":"info","message":"Starting user registration process","timestamp":"2026-02-28 20:45:55","user":{"email":"khaerul@gmail.com","name":"lutfi"}}
{"level":"error","message":"Unexpected error while execute register action: TypeError: fetch failed","timestamp":"2026-02-28 20:45:56"}
{"level":"info","message":"Starting user registration process","timestamp":"2026-02-28 20:45:56","user":{"email":"khaerul@gmail.com","name":"lutfi"}}
{"level":"error","message":"Unexpected error while execute register action: TypeError: fetch failed","timestamp":"2026-02-28 20:45:56"}
{"level":"info","message":"Starting user registration process","timestamp":"2026-02-28 20:45:56","user":{"email":"khaerul@gmail.com","name":"lutfi"}}
{"level":"error","message":"Unexpected error while execute register action: TypeError: fetch failed","timestamp":"2026-02-28 20:45:56"}
{"level":"info","message":"Starting user registration process","timestamp":"2026-02-28 20:45:56","user":{"email":"khaerul@gmail.com","name":"lutfi"}}
{"level":"error","message":"Unexpected error while execute register action: TypeError: fetch failed","timestamp":"2026-02-28 20:45:56"}
{"level":"info","message":"Starting user registration process","timestamp":"2026-02-28 20:45:56","user":{"email":"khaerul@gmail.com","name":"lutfi"}}
{"level":"error","message":"Unexpected error while execute register action: TypeError: fetch failed","timestamp":"2026-02-28 20:45:56"}
{"level":"info","message":"Starting user registration process","timestamp":"2026-02-28 20:45:56","user":{"email":"khaerul@gmail.com","name":"lutfi"}}
{"level":"error","message":"Unexpected error while execute register action: TypeError: fetch failed","timestamp":"2026-02-28 20:45:57"}
{"level":"info","message":"Starting user registration process","timestamp":"2026-02-28 20:45:57","user":{"email":"khaerul@gmail.com","name":"lutfi"}}
{"level":"error","message":"Unexpected error while execute register action: TypeError: fetch failed","timestamp":"2026-02-28 20:45:57"}
{"level":"info","message":"Starting user registration process","timestamp":"2026-02-28 20:45:57","user":{"email":"khaerul@gmail.com","name":"lutfi"}}
{"level":"error","message":"Unexpected error while execute register action: TypeError: fetch failed","timestamp":"2026-02-28 20:45:57"}
{"level":"info","message":"Starting user registration process","timestamp":"2026-02-28 20:45:57","user":{"email":"khaerul@gmail.com","name":"lutfi"}}
{"level":"error","message":"Unexpected error while execute register action: TypeError: fetch failed","timestamp":"2026-02-28 20:45:57"}
{"level":"info","message":"Starting user registration process","timestamp":"2026-02-28 20:45:58","user":{"email":"khaerul@gmail.com","name":"lutfi"}}
{"level":"error","message":"Unexpected error while execute register action: TypeError: fetch failed","timestamp":"2026-02-28 20:45:58"}
{"level":"info","message":"Starting user registration process","timestamp":"2026-02-28 20:45:58","user":{"email":"khaerul@gmail.com","name":"lutfi"}}
{"level":"error","message":"Unexpected error while execute register action: TypeError: fetch failed","timestamp":"2026-02-28 20:45:58"}
{"level":"info","message":"Starting user registration process","timestamp":"2026-02-28 20:45:58","user":{"email":"khaerul@gmail.com","name":"lutfi"}}
{"level":"error","message":"Unexpected error while execute register action: TypeError: fetch failed","timestamp":"2026-02-28 20:45:58"}
{"level":"info","message":"Starting user registration process","timestamp":"2026-02-28 20:45:58","user":{"email":"khaerul@gmail.com","name":"lutfi"}}
{"level":"error","message":"Unexpected error while execute register action: TypeError: fetch failed","timestamp":"2026-02-28 20:45:58"}
{"level":"info","message":"Starting user registration process","timestamp":"2026-02-28 20:45:58","user":{"email":"khaerul@gmail.com","name":"lutfi"}}
{"level":"error","message":"Unexpected error while execute register action: TypeError: fetch failed","timestamp":"2026-02-28 20:45:58"}
{"level":"info","message":"Starting user registration process","timestamp":"2026-02-28 20:45:58","user":{"email":"khaerul@gmail.com","name":"lutfi"}}
{"level":"error","message":"Unexpected error while execute register action: TypeError: fetch failed","timestamp":"2026-02-28 20:45:58"}
{"level":"info","message":"Starting user registration process","timestamp":"2026-02-28 20:45:59","user":{"email":"khaerul@gmail.com","name":"lutfi"}}
{"level":"error","message":"Unexpected error while execute register action: TypeError: fetch failed","timestamp":"2026-02-28 20:45:59"}
{"level":"info","message":"Starting user registration process","timestamp":"2026-02-28 20:45:59","user":{"email":"khaerul@gmail.com","name":"lutfi"}}
{"level":"error","message":"Unexpected error while execute register action: TypeError: fetch failed","timestamp":"2026-02-28 20:45:59"}
{"level":"info","message":"Starting user registration process","timestamp":"2026-02-28 20:45:59","user":{"email":"khaerul@gmail.com","name":"lutfi"}}
{"level":"error","message":"Unexpected error while execute register action: TypeError: fetch failed","timestamp":"2026-02-28 20:45:59"}
{"level":"info","message":"Starting user registration process","timestamp":"2026-02-28 20:45:59","user":{"email":"khaerul@gmail.com","name":"lutfi"}}
{"level":"error","message":"Unexpected error while execute register action: TypeError: fetch failed","timestamp":"2026-02-28 20:45:59"}
{"level":"info","message":"Starting user registration process","timestamp":"2026-02-28 20:45:59","user":{"email":"khaerul@gmail.com","name":"lutfi"}}
{"level":"error","message":"Unexpected error while execute register action: TypeError: fetch failed","timestamp":"2026-02-28 20:46:00"}
{"level":"info","message":"Starting user registration process","timestamp":"2026-02-28 20:46:00","user":{"email":"khaerul@gmail.com","name":"lutfi"}}
{"level":"error","message":"Unexpected error while execute register action: TypeError: fetch failed","timestamp":"2026-02-28 20:46:00"}
{"level":"info","message":"Starting user registration process","timestamp":"2026-02-28 20:46:00","user":{"email":"khaerul@gmail.com","name":"lutfi"}}
{"level":"error","message":"Unexpected error while execute register action: TypeError: fetch failed","timestamp":"2026-02-28 20:46:00"}
{"level":"info","message":"Starting user registration process","timestamp":"2026-02-28 20:46:00","user":{"email":"khaerul@gmail.com","name":"lutfi"}}
{"level":"error","message":"Unexpected error while execute register action: TypeError: fetch failed","timestamp":"2026-02-28 20:46:00"}
{"level":"info","message":"Starting user registration process","timestamp":"2026-02-28 20:46:00","user":{"email":"khaerul@gmail.com","name":"lutfi"}}
{"level":"error","message":"Unexpected error while execute register action: TypeError: fetch failed","timestamp":"2026-02-28 20:46:00"}
{"level":"info","message":"Starting user registration process","timestamp":"2026-02-28 20:46:00","user":{"email":"khaerul@gmail.com","name":"lutfi"}}
{"level":"error","message":"Unexpected error while execute register action: TypeError: fetch failed","timestamp":"2026-02-28 20:46:00"}
{"level":"info","message":"Starting user registration process","timestamp":"2026-02-28 20:46:01","user":{"email":"khaerul@gmail.com","name":"lutfi"}}
{"level":"error","message":"Unexpected error while execute register action: TypeError: fetch failed","timestamp":"2026-02-28 20:46:01"}
{"level":"info","message":"Starting user registration process","timestamp":"2026-02-28 20:46:01","user":{"email":"khaerul@gmail.com","name":"lutfi"}}
{"level":"error","message":"Unexpected error while execute register action: TypeError: fetch failed","timestamp":"2026-02-28 20:46:01"}
{"level":"info","message":"Starting user registration process","timestamp":"2026-02-28 20:46:01","user":{"email":"khaerul@gmail.com","name":"lutfi"}}
{"level":"error","message":"Unexpected error while execute register action: TypeError: fetch failed","timestamp":"2026-02-28 20:46:01"}
{"level":"info","message":"Starting user registration process","timestamp":"2026-02-28 20:46:01","user":{"email":"khaerul@gmail.com","name":"lutfi"}}
{"level":"error","message":"Unexpected error while execute register action: TypeError: fetch failed","timestamp":"2026-02-28 20:46:01"}
{"level":"info","message":"Starting user registration process","timestamp":"2026-02-28 20:46:02","user":{"email":"khaerul@gmail.com","name":"lutfi"}}
{"level":"error","message":"Unexpected error while execute register action: TypeError: fetch failed","timestamp":"2026-02-28 20:46:02"}
{"level":"info","message":"Starting user registration process","timestamp":"2026-02-28 20:46:02","user":{"email":"khaerul@gmail.com","name":"lutfi"}}
{"level":"error","message":"Unexpected error while execute register action: TypeError: fetch failed","timestamp":"2026-02-28 20:46:02"}
{"level":"info","message":"Starting user registration process","timestamp":"2026-02-28 20:46:02","user":{"email":"khaerul@gmail.com","name":"lutfi"}}
{"level":"error","message":"Unexpected error while execute register action: TypeError: fetch failed","timestamp":"2026-02-28 20:46:02"}
{"level":"info","message":"Starting user registration process","timestamp":"2026-02-28 20:46:02","user":{"email":"khaerul@gmail.com","name":"lutfi"}}
{"level":"error","message":"Unexpected error while execute register action: TypeError: fetch failed","timestamp":"2026-02-28 20:46:02"}
{"level":"info","message":"Starting user registration process","timestamp":"2026-02-28 20:46:02","user":{"email":"khaerul@gmail.com","name":"lutfi"}}
{"level":"error","message":"Unexpected error while execute register action: TypeError: fetch failed","timestamp":"2026-02-28 20:46:02"}
{"level":"info","message":"Starting user registration process","timestamp":"2026-02-28 20:46:02","user":{"email":"khaerul@gmail.com","name":"lutfi"}}
{"level":"error","message":"Unexpected error while execute register action: TypeError: fetch failed","timestamp":"2026-02-28 20:46:02"}
{"level":"info","message":"Starting user registration process","timestamp":"2026-02-28 20:46:03","user":{"email":"khaerul@gmail.com","name":"lutfi"}}
{"level":"error","message":"Unexpected error while execute register action: TypeError: fetch failed","timestamp":"2026-02-28 20:46:03"}
{"level":"info","message":"Starting user registration process","timestamp":"2026-02-28 20:46:03","user":{"email":"khaerul@gmail.com","name":"lutfi"}}
{"level":"error","message":"Unexpected error while execute register action: TypeError: fetch failed","timestamp":"2026-02-28 20:46:03"}
{"level":"info","message":"Starting user registration process","timestamp":"2026-02-28 20:46:03","user":{"email":"khaerul@gmail.com","name":"lutfi"}}
{"level":"error","message":"Unexpected error while execute register action: TypeError: fetch failed","timestamp":"2026-02-28 20:46:03"}
{"level":"info","message":"Starting user registration process","timestamp":"2026-02-28 20:46:03","user":{"email":"khaerul@gmail.com","name":"lutfi"}}
{"level":"error","message":"Unexpected error while execute register action: TypeError: fetch failed","timestamp":"2026-02-28 20:46:03"}
{"level":"info","message":"Starting user registration process","timestamp":"2026-02-28 20:46:03","user":{"email":"khaerul@gmail.com","name":"lutfi"}}
{"level":"error","message":"Unexpected error while execute register action: TypeError: fetch failed","timestamp":"2026-02-28 20:46:03"}
{"level":"info","message":"Starting user registration process","timestamp":"2026-02-28 20:46:04","user":{"email":"khaerul@gmail.com","name":"lutfi"}}
{"level":"error","message":"Unexpected error while execute register action: TypeError: fetch failed","timestamp":"2026-02-28 20:46:04"}
{"level":"info","message":"Starting user registration process","timestamp":"2026-02-28 20:46:04","user":{"email":"khaerul@gmail.com","name":"lutfi"}}
{"level":"error","message":"Unexpected error while execute register action: TypeError: fetch failed","timestamp":"2026-02-28 20:46:04"}
{"level":"info","message":"Starting user registration process","timestamp":"2026-02-28 20:46:04","user":{"email":"khaerul@gmail.com","name":"lutfi"}}
{"level":"error","message":"Unexpected error while execute register action: TypeError: fetch failed","timestamp":"2026-02-28 20:46:04"}
{"level":"info","message":"Starting user registration process","timestamp":"2026-02-28 20:46:04","user":{"email":"khaerul@gmail.com","name":"lutfi"}}
{"level":"error","message":"Unexpected error while execute register action: TypeError: fetch failed","timestamp":"2026-02-28 20:46:04"}
{"level":"info","message":"Starting user registration process","timestamp":"2026-02-28 20:46:04","user":{"email":"khaerul@gmail.com","name":"lutfi"}}
{"level":"error","message":"Unexpected error while execute register action: TypeError: fetch failed","timestamp":"2026-02-28 20:46:04"}
{"level":"info","message":"Starting user registration process","timestamp":"2026-02-28 20:46:05","user":{"email":"khaerul@gmail.com","name":"lutfi"}}
{"level":"error","message":"Unexpected error while execute register action: TypeError: fetch failed","timestamp":"2026-02-28 20:46:05"}
{"level":"info","message":"Starting user registration process","timestamp":"2026-02-28 20:46:05","user":{"email":"khaerul@gmail.com","name":"lutfi"}}
{"level":"error","message":"Unexpected error while execute register action: TypeError: fetch failed","timestamp":"2026-02-28 20:46:05"}
{"level":"info","message":"Starting user registration process","timestamp":"2026-02-28 20:46:05","user":{"email":"khaerul@gmail.com","name":"lutfi"}}
{"level":"error","message":"Unexpected error while execute register action: TypeError: fetch failed","timestamp":"2026-02-28 20:46:05"}
{"level":"info","message":"Starting user registration process","timestamp":"2026-02-28 20:46:05","user":{"email":"khaerul@gmail.com","name":"lutfi"}}
{"level":"error","message":"Unexpected error while execute register action: TypeError: fetch failed","timestamp":"2026-02-28 20:46:05"}
{"level":"info","message":"Starting user registration process","timestamp":"2026-02-28 20:46:05","user":{"email":"khaerul@gmail.com","name":"lutfi"}}
{"level":"error","message":"Unexpected error while execute register action: TypeError: fetch failed","timestamp":"2026-02-28 20:46:05"}
{"level":"info","message":"Starting user registration process","timestamp":"2026-02-28 20:46:05","user":{"email":"khaerul@gmail.com","name":"lutfi"}}
{"level":"error","message":"Unexpected error while execute register action: TypeError: fetch failed","timestamp":"2026-02-28 20:46:05"}
{"level":"info","message":"Starting user registration process","timestamp":"2026-02-28 20:46:05","user":{"email":"khaerul@gmail.com","name":"lutfi"}}
{"level":"error","message":"Unexpected error while execute register action: TypeError: fetch failed","timestamp":"2026-02-28 20:46:05"}
{"level":"info","message":"Starting user registration process","timestamp":"2026-02-28 20:46:06","user":{"email":"khaerul@gmail.com","name":"lutfi"}}
{"level":"error","message":"Unexpected error while execute register action: TypeError: fetch failed","timestamp":"2026-02-28 20:46:06"}
{"level":"info","message":"Starting user registration process","timestamp":"2026-02-28 20:46:06","user":{"email":"khaerul@gmail.com","name":"lutfi"}}
{"level":"error","message":"Unexpected error while execute register action: TypeError: fetch failed","timestamp":"2026-02-28 20:46:06"}
{"level":"info","message":"Starting user registration process","timestamp":"2026-02-28 20:46:06","user":{"email":"khaerul@gmail.com","name":"lutfi"}}
{"level":"error","message":"Unexpected error while execute register action: TypeError: fetch failed","timestamp":"2026-02-28 20:46:06"}
{"level":"info","message":"Starting user registration process","timestamp":"2026-02-28 20:46:06","user":{"email":"khaerul@gmail.com","name":"lutfi"}}
{"level":"error","message":"Unexpected error while execute register action: TypeError: fetch failed","timestamp":"2026-02-28 20:46:06"}
{"level":"info","message":"Starting user registration process","timestamp":"2026-02-28 20:46:06","user":{"email":"khaerul@gmail.com","name":"lutfi"}}
{"level":"error","message":"Unexpected error while execute register action: TypeError: fetch failed","timestamp":"2026-02-28 20:46:06"}
{"level":"info","message":"Starting user registration process","timestamp":"2026-02-28 20:46:06","user":{"email":"khaerul@gmail.com","name":"lutfi"}}
{"level":"error","message":"Unexpected error while execute register action: TypeError: fetch failed","timestamp":"2026-02-28 20:46:06"}
{"level":"info","message":"Starting user registration process","timestamp":"2026-02-28 20:46:06","user":{"email":"khaerul@gmail.com","name":"lutfi"}}
{"level":"error","message":"Unexpected error while execute register action: TypeError: fetch failed","timestamp":"2026-02-28 20:46:07"}
{"level":"info","message":"Starting user registration process","timestamp":"2026-02-28 20:56:06","user":{"email":"khaerul@gmail.com","name":"lutfi"}}
{"level":"info","message":"Starting user registration process","timestamp":"2026-02-28 20:57:10","user":{"email":"khaerul1234@gmail.com","name":"lutfi"}}
{"level":"info","message":"Starting user registration process","timestamp":"2026-02-28 21:19:11","user":{"email":"khaerullutfi028@gmail.com","name":"Khaerul's Team"}}
{"level":"error","message":"Unexpected error while execute register action: TypeError: __TURBOPACK__imported__module__$5b$project$5d2f$frontend$2f$lib$2f$logger$2e$ts__$5b$app$2d$rsc$5d$__$28$ecmascript$29$__.logger.warning is not a function","timestamp":"2026-02-28 21:19:12"}
{"level":"info","message":"Starting user registration process","timestamp":"2026-02-28 21:20:04","user":{"email":"khaerullutfi028@gmail.com","name":"Khaerul's Team"}}
{"level":"warn","message":"User registration failed with email khaerullutfi028@gmail.com","timestamp":"2026-02-28 21:20:04"}
{"level":"info","message":"Starting user registration process","timestamp":"2026-02-28 21:20:19","user":{"email":"khaerullutfi028@gmail.com","name":"khaerul lutfi"}}
{"level":"info","message":"User registration is successfully with email khaerullutfi028@gmail.com","timestamp":"2026-02-28 21:20:21"}
{"level":"warn","message":"Validation Failed","timestamp":"2026-02-28 21:49:51"}
{"email":"rusdi@gmail.com","level":"info","message":"Starting user login process","timestamp":"2026-02-28 21:50:26"}
{"level":"warn","message":"User login is failed with email rusdi@gmail.com","timestamp":"2026-02-28 21:50:27"}
{"level":"warn","message":"Validation Failed","timestamp":"2026-02-28 21:50:54"}
{"email":"khaerul123@gmail.com","level":"info","message":"Starting user login process","timestamp":"2026-02-28 21:51:13"}
{"level":"warn","message":"User login is failed with email khaerul123@gmail.com","timestamp":"2026-02-28 21:51:14"}
{"email":"khaerul123@gmail.com","level":"info","message":"Starting user login process","timestamp":"2026-02-28 21:51:32"}
{"level":"info","message":"User login is successfully with email khaerul123@gmail.com","timestamp":"2026-02-28 21:51:33"}
{"level":"warn","message":"Validation failed","timestamp":"2026-02-28 22:10:37"}
{"email":"khaerullutfi028@gmail.com","level":"info","message":"Starting user login process","timestamp":"2026-03-01 10:37:07"}
{"level":"info","message":"User login is successfully with email khaerullutfi028@gmail.com","timestamp":"2026-03-01 10:37:13"}
{"email":"khaerullutfi028@gmail.com","level":"info","message":"Starting user login process","timestamp":"2026-03-01 10:43:37"}
{"level":"info","message":"User login is successfully with email khaerullutfi028@gmail.com","timestamp":"2026-03-01 10:43:40"}
{"email":"khaerullutfi028@gmail.com","level":"info","message":"Starting user login process","timestamp":"2026-03-01 10:53:22"}
{"level":"info","message":"User login is successfully with email khaerullutfi028@gmail.com","timestamp":"2026-03-01 10:53:27"}
{"email":"khaerullutfi028@gmail.com","level":"info","message":"Starting user login process","timestamp":"2026-03-01 11:10:24"}
{"level":"info","message":"User login is successfully with email khaerullutfi028@gmail.com","timestamp":"2026-03-01 11:10:26"}
{"email":"khaerul123@gmail.com","level":"info","message":"Starting user login process","timestamp":"2026-03-02 11:57:29"}
{"level":"info","message":"User login is successfully with email khaerul123@gmail.com","timestamp":"2026-03-02 11:57:33"}
{"email":"khaerul123@gmail.com","level":"info","message":"Starting user login process","timestamp":"2026-03-02 13:05:58"}
{"level":"info","message":"User login is successfully with email khaerul123@gmail.com","timestamp":"2026-03-02 13:06:00"}
{"email":"khaerul123@gmail.com","level":"info","message":"Starting user login process","timestamp":"2026-03-03 22:33:02"}
{"level":"info","message":"User login is successfully with email khaerul123@gmail.com","timestamp":"2026-03-03 22:33:04"}
{"email":"khaerul123@gmail.com","level":"info","message":"Starting user login process","timestamp":"2026-03-08 10:46:17"}
{"level":"info","message":"User login is successfully with email khaerul123@gmail.com","timestamp":"2026-03-08 10:46:20"}
{"email":"khaerul123@gmail.com","level":"info","message":"Starting user login process","timestamp":"2026-03-08 11:00:00"}
{"level":"info","message":"User login is successfully with email khaerul123@gmail.com","timestamp":"2026-03-08 11:00:03"}
